<?xml version="1.0" encoding="UTF-8"?>
<testsuite name="com.revature.repositories.UserRepositoryTest" tests="1" skipped="0" failures="0" errors="0" timestamp="2022-03-24T22:22:35" hostname="DESKTOP-DP0TG5O" time="1.027">
  <properties/>
  <testcase name="whenCreateUserIsCalledDoesNotThrowExceptionAndUserIsCreated()" classname="com.revature.repositories.UserRepositoryTest" time="1.027"/>
  <system-out><![CDATA[]]></system-out>
  <system-err><![CDATA[]]></system-err>
</testsuite>
